<?xml version="1.0" encoding="UTF-8"?>
<!-- Generated by org.testng.reporters.JUnitReportReporter -->
<testsuite hostname="Harinder" failures="0" tests="3" name="com.naveenautomation.Tests.MyAccountTest" time="0.015" errors="0" timestamp="2024-05-16T13:28:31 EDT" skipped="0">
  <testcase classname="com.naveenautomation.Tests.MyAccountTest" name="validateLogin" time="0.001"/>
  <system-out/>
  <testcase classname="com.naveenautomation.Tests.MyAccountTest" name="testSomething" time="0.013"/>
  <system-out/>
  <testcase classname="com.naveenautomation.Tests.MyAccountTest" name="verifyAlertBannerForTelephoneUpdate" time="0.001"/>
  <system-out/>
</testsuite> <!-- com.naveenautomation.Tests.MyAccountTest -->
